# JRE version: OpenJDK Runtime Environment (21.0.5) (build 21.0.5+-12932927-b750.29)
# Java VM: OpenJDK 64-Bit Server VM (21.0.5+-12932927-b750.29, mixed mode, tiered, compressed oops, compressed class ptrs, g1 gc, windows-amd64)
GC Precious Log:
 CardTable entry size: 512
 Card Set container configuration: InlinePtr #cards 5 size 8 Array Of Cards #cards 12 size 40 Howl #buckets 4 coarsen threshold 1843 Howl Bitmap #cards 512 size 80 coarsen threshold 460 Card regions per heap region 1 cards per card region 2048
 CPUs: 12 total, 12 available
 Memory: 16085M
 Large Page Support: Disabled
 NUMA Support: Disabled
 Compressed Oops: Enabled (32-bit)
 Heap Region Size: 1M
 Heap Min Capacity: 8M
 Heap Initial Capacity: 252M
 Heap Max Capacity: 2G
 Pre-touch: Disabled
 Parallel Workers: 10
 Concurrent Workers: 3
 Concurrent Refinement Workers: 10
 Periodic GC: Disabled
Heap:
 garbage-first heap   total 186368K, used 117836K [0x0000000080000000, 0x0000000100000000)
  region size 1024K, 3 young (3072K), 3 survivors (3072K)
 Metaspace       used 120254K, committed 122560K, reserved 1179648K
  class space    used 16324K, committed 17472K, reserved 1048576K
GC Heap History (20 events):
Event: 7.715 GC heap after
{Heap after GC invocations=31 (full 0):
 garbage-first heap   total 153600K, used 80857K [0x0000000080000000, 0x0000000100000000)
  region size 1024K, 8 young (8192K), 8 survivors (8192K)
 Metaspace       used 98278K, committed 100352K, reserved 1179648K
  class space    used 13554K, committed 14592K, reserved 1048576K
}
Event: 8.180 GC heap before
{Heap before GC invocations=31 (full 0):
 garbage-first heap   total 153600K, used 136153K [0x0000000080000000, 0x0000000100000000)
  region size 1024K, 62 young (63488K), 8 survivors (8192K)
 Metaspace       used 101807K, committed 104000K, reserved 1179648K
  class space    used 14093K, committed 15168K, reserved 1048576K
}
Event: 8.188 GC heap after
{Heap after GC invocations=32 (full 0):
 garbage-first heap   total 153600K, used 85853K [0x0000000080000000, 0x0000000100000000)
  region size 1024K, 8 young (8192K), 8 survivors (8192K)
 Metaspace       used 101807K, committed 104000K, reserved 1179648K
  class space    used 14093K, committed 15168K, reserved 1048576K
}
Event: 8.399 GC heap before
{Heap before GC invocations=32 (full 0):
 garbage-first heap   total 153600K, used 136029K [0x0000000080000000, 0x0000000100000000)
  region size 1024K, 58 young (59392K), 8 survivors (8192K)
 Metaspace       used 102103K, committed 104192K, reserved 1179648K
  class space    used 14127K, committed 15168K, reserved 1048576K
}
Event: 8.406 GC heap after
{Heap after GC invocations=33 (full 0):
 garbage-first heap   total 153600K, used 90207K [0x0000000080000000, 0x0000000100000000)
  region size 1024K, 6 young (6144K), 6 survivors (6144K)
 Metaspace       used 102103K, committed 104192K, reserved 1179648K
  class space    used 14127K, committed 15168K, reserved 1048576K
}
Event: 8.645 GC heap before
{Heap before GC invocations=34 (full 0):
 garbage-first heap   total 153600K, used 137311K [0x0000000080000000, 0x0000000100000000)
  region size 1024K, 53 young (54272K), 6 survivors (6144K)
 Metaspace       used 102488K, committed 104640K, reserved 1179648K
  class space    used 14171K, committed 15232K, reserved 1048576K
}
Event: 8.649 GC heap after
{Heap after GC invocations=35 (full 0):
 garbage-first heap   total 153600K, used 93082K [0x0000000080000000, 0x0000000100000000)
  region size 1024K, 6 young (6144K), 6 survivors (6144K)
 Metaspace       used 102488K, committed 104640K, reserved 1179648K
  class space    used 14171K, committed 15232K, reserved 1048576K
}
Event: 8.789 GC heap before
{Heap before GC invocations=35 (full 0):
 garbage-first heap   total 153600K, used 137114K [0x0000000080000000, 0x0000000100000000)
  region size 1024K, 50 young (51200K), 6 survivors (6144K)
 Metaspace       used 102598K, committed 104768K, reserved 1179648K
  class space    used 14179K, committed 15232K, reserved 1048576K
}
Event: 8.794 GC heap after
{Heap after GC invocations=36 (full 0):
 garbage-first heap   total 153600K, used 93019K [0x0000000080000000, 0x0000000100000000)
  region size 1024K, 4 young (4096K), 4 survivors (4096K)
 Metaspace       used 102598K, committed 104768K, reserved 1179648K
  class space    used 14179K, committed 15232K, reserved 1048576K
}
Event: 8.928 GC heap before
{Heap before GC invocations=36 (full 0):
 garbage-first heap   total 153600K, used 118619K [0x0000000080000000, 0x0000000100000000)
  region size 1024K, 31 young (31744K), 4 survivors (4096K)
 Metaspace       used 103074K, committed 105216K, reserved 1179648K
  class space    used 14244K, committed 15296K, reserved 1048576K
}
Event: 8.931 GC heap after
{Heap after GC invocations=37 (full 0):
 garbage-first heap   total 153600K, used 95130K [0x0000000080000000, 0x0000000100000000)
  region size 1024K, 6 young (6144K), 6 survivors (6144K)
 Metaspace       used 103074K, committed 105216K, reserved 1179648K
  class space    used 14244K, committed 15296K, reserved 1048576K
}
Event: 9.458 GC heap before
{Heap before GC invocations=38 (full 0):
 garbage-first heap   total 174080K, used 172954K [0x0000000080000000, 0x0000000100000000)
  region size 1024K, 42 young (43008K), 6 survivors (6144K)
 Metaspace       used 106888K, committed 109056K, reserved 1179648K
  class space    used 14640K, committed 15680K, reserved 1048576K
}
Event: 9.462 GC heap after
{Heap after GC invocations=39 (full 0):
 garbage-first heap   total 183296K, used 97409K [0x0000000080000000, 0x0000000100000000)
  region size 1024K, 6 young (6144K), 6 survivors (6144K)
 Metaspace       used 106888K, committed 109056K, reserved 1179648K
  class space    used 14640K, committed 15680K, reserved 1048576K
}
Event: 73.685 GC heap before
{Heap before GC invocations=39 (full 0):
 garbage-first heap   total 183296K, used 166017K [0x0000000080000000, 0x0000000100000000)
  region size 1024K, 73 young (74752K), 6 survivors (6144K)
 Metaspace       used 109628K, committed 111808K, reserved 1179648K
  class space    used 14980K, committed 16064K, reserved 1048576K
}
Event: 73.691 GC heap after
{Heap after GC invocations=40 (full 0):
 garbage-first heap   total 183296K, used 100355K [0x0000000080000000, 0x0000000100000000)
  region size 1024K, 8 young (8192K), 8 survivors (8192K)
 Metaspace       used 109628K, committed 111808K, reserved 1179648K
  class space    used 14980K, committed 16064K, reserved 1048576K
}
Event: 74.190 GC heap before
{Heap before GC invocations=40 (full 0):
 garbage-first heap   total 183296K, used 162819K [0x0000000080000000, 0x0000000100000000)
  region size 1024K, 70 young (71680K), 8 survivors (8192K)
 Metaspace       used 110561K, committed 112704K, reserved 1179648K
  class space    used 15072K, committed 16128K, reserved 1048576K
}
Event: 74.199 GC heap after
{Heap after GC invocations=41 (full 0):
 garbage-first heap   total 183296K, used 109137K [0x0000000080000000, 0x0000000100000000)
  region size 1024K, 9 young (9216K), 9 survivors (9216K)
 Metaspace       used 110561K, committed 112704K, reserved 1179648K
  class space    used 15072K, committed 16128K, reserved 1048576K
}
Event: 74.771 GC heap before
{Heap before GC invocations=42 (full 0):
 garbage-first heap   total 183296K, used 166481K [0x0000000080000000, 0x0000000100000000)
  region size 1024K, 62 young (63488K), 9 survivors (9216K)
 Metaspace       used 117544K, committed 119808K, reserved 1179648K
  class space    used 15974K, committed 17152K, reserved 1048576K
}
Event: 74.780 GC heap after
{Heap after GC invocations=43 (full 0):
 garbage-first heap   total 186368K, used 120277K [0x0000000080000000, 0x0000000100000000)
  region size 1024K, 8 young (8192K), 8 survivors (8192K)
 Metaspace       used 117544K, committed 119808K, reserved 1179648K
  class space    used 15974K, committed 17152K, reserved 1048576K
}
Event: 75.213 GC heap before
{Heap before GC invocations=43 (full 0):
 garbage-first heap   total 186368K, used 166357K [0x0000000080000000, 0x0000000100000000)
  region size 1024K, 54 young (55296K), 8 survivors (8192K)
 Metaspace       used 120254K, committed 122560K, reserved 1179648K
  class space    used 16324K, committed 17472K, reserved 1048576K
}

